{"message":"Not found","level":"error"}
{"message":"Not found","level":"error"}
{"message":"Not found","level":"error"}
{"message":"Not found","level":"error"}
{"message":"Not found","level":"error"}
{"message":"Not found","level":"error"}
{"message":"Not found","level":"error"}
{"message":"Not found","level":"error"}
{"message":"Not found","level":"error"}
{"message":"Not found","level":"error"}
{"message":"Not found","level":"error"}
{"message":"Not found","level":"error"}
{"message":"Not found","level":"error"}
{"message":"Not found","level":"error"}
{"message":"Not found","level":"error"}
{"message":"Not found","level":"error"}
{"message":"Not found","level":"error"}
{"message":"Cannot read property 'filename' of undefined","level":"error"}
{"message":"Cannot read property 'filename' of undefined","level":"error"}
{"message":"Cannot read property 'filename' of undefined","level":"error"}
{"message":"Cannot read property 'filename' of undefined","level":"error"}
{"message":"Cannot read property 'filename' of undefined","level":"error"}
{"message":"Cannot read property 'filename' of undefined","level":"error"}
{"message":"Cannot read property 'filename' of undefined","level":"error"}
{"message":"Not found","level":"error"}
{"message":"Not found","level":"error"}
{"message":"Unexpected field","level":"error"}
{"message":"Unexpected field","level":"error"}
{"message":"Unexpected field","level":"error"}
{"message":"body is not defined","level":"error"}
{"message":"body is not defined","level":"error"}
{"message":"Unknown column 'user.userId' in 'where clause'","level":"error"}
{"message":"Unknown column 'user.userId' in 'where clause'","level":"error"}
{"message":"Unknown column 'user.user_id' in 'where clause'","level":"error"}
{"message":"Unknown column 'user.user_id' in 'where clause'","level":"error"}
{"message":"Cannot access 'images' before initialization","level":"error"}
{"message":"Cannot access 'images' before initialization","level":"error"}
{"message":"post.addPostImages is not a function","level":"error"}
{"message":"post.addPostImages is not a function","level":"error"}
{"message":"post.createPostImage is not a function","level":"error"}
{"message":"post.createPostImage is not a function","level":"error"}
{"message":"Cannot add or update a child row: a foreign key constraint fails (`heart_to_heart_server_dev_db`.`post_image`, CONSTRAINT `post_image_ibfk_1` FOREIGN KEY (`post_id`) REFERENCES `post` (`id`) ON DELETE SET NULL ON UPDATE CASCADE)","level":"error"}
{"message":"Cannot add or update a child row: a foreign key constraint fails (`heart_to_heart_server_dev_db`.`post_image`, CONSTRAINT `post_image_ibfk_1` FOREIGN KEY (`post_id`) REFERENCES `post` (`id`) ON DELETE SET NULL ON UPDATE CASCADE)","level":"error"}
{"message":"postImages is not defined","level":"error"}
{"message":"postImages is not defined","level":"error"}
{"message":"Truncated incorrect DOUBLE value: '[object Object]'","level":"error"}
{"message":"Truncated incorrect DOUBLE value: '[object Object]'","level":"error"}
{"message":"createdPost.createPost is not a function","level":"error"}
{"message":"createdPost.createPost is not a function","level":"error"}
{"message":"createdPost.createPostImages is not a function","level":"error"}
{"message":"createdPost.createPostImages is not a function","level":"error"}
{"message":"Truncated incorrect DOUBLE value: '[object Object]'","level":"error"}
{"message":"Truncated incorrect DOUBLE value: '[object Object]'","level":"error"}
{"message":"createdPost.createPostImages is not a function","level":"error"}
{"message":"createdPost.createPostImages is not a function","level":"error"}
{"message":"createdPost is not defined","level":"error"}
{"message":"createdPost is not defined","level":"error"}
{"message":"createdPostImages is not defined","level":"error"}
{"message":"createdPostImages is not defined","level":"error"}
{"message":"images is not defined","level":"error"}
{"message":"images is not defined","level":"error"}
{"message":"Not found","level":"error"}
{"message":"Unknown column 'post.postImages' in 'field list'","level":"error"}
{"message":"Cannot set headers after they are sent to the client","level":"error"}
{"message":"You have an error in your SQL syntax; check the manual that corresponds to your MySQL server version for the right syntax to use near ''10') AS `post` LEFT OUTER JOIN `post_image` AS `postImages` ON `post`.`id` = `p' at line 1","level":"error"}
{"message":"You have an error in your SQL syntax; check the manual that corresponds to your MySQL server version for the right syntax to use near ''10') AS `post` LEFT OUTER JOIN `post_image` AS `postImages` ON `post`.`id` = `p' at line 1","level":"error"}
{"message":"You have an error in your SQL syntax; check the manual that corresponds to your MySQL server version for the right syntax to use near ''10') AS `post` LEFT OUTER JOIN `post_image` AS `postImages` ON `post`.`id` = `p' at line 1","level":"error"}
{"message":"You have an error in your SQL syntax; check the manual that corresponds to your MySQL server version for the right syntax to use near ''10') AS `post` LEFT OUTER JOIN `post_image` AS `postImages` ON `post`.`id` = `p' at line 1","level":"error"}
{"message":"You have an error in your SQL syntax; check the manual that corresponds to your MySQL server version for the right syntax to use near ''2', '10') AS `post` LEFT OUTER JOIN `post_image` AS `postImages` ON `post`.`id`' at line 1","level":"error"}
{"message":"You have an error in your SQL syntax; check the manual that corresponds to your MySQL server version for the right syntax to use near ''10') AS `post` LEFT OUTER JOIN `post_image` AS `postImages` ON `post`.`id` = `p' at line 1","level":"error"}
{"message":"You have an error in your SQL syntax; check the manual that corresponds to your MySQL server version for the right syntax to use near ''10') AS `post` LEFT OUTER JOIN `post_image` AS `postImages` ON `post`.`id` = `p' at line 1","level":"error"}
{"message":"You have an error in your SQL syntax; check the manual that corresponds to your MySQL server version for the right syntax to use near ''10') AS `post` LEFT OUTER JOIN `post_image` AS `postImages` ON `post`.`id` = `p' at line 1","level":"error"}
{"message":"You have an error in your SQL syntax; check the manual that corresponds to your MySQL server version for the right syntax to use near ''10') AS `post` LEFT OUTER JOIN `post_image` AS `postImages` ON `post`.`id` = `p' at line 1","level":"error"}
{"message":"You have an error in your SQL syntax; check the manual that corresponds to your MySQL server version for the right syntax to use near ''10') AS `post` LEFT OUTER JOIN `post_image` AS `postImages` ON `post`.`id` = `p' at line 1","level":"error"}
{"message":"You have an error in your SQL syntax; check the manual that corresponds to your MySQL server version for the right syntax to use near ''10') AS `post` LEFT OUTER JOIN `post_image` AS `postImages` ON `post`.`id` = `p' at line 1","level":"error"}
{"message":"Not found","level":"error"}
{"message":"You have an error in your SQL syntax; check the manual that corresponds to your MySQL server version for the right syntax to use near ''10') AS `post` LEFT OUTER JOIN `post_image` AS `postImages` ON `post`.`id` = `p' at line 1","level":"error"}
{"message":"You have an error in your SQL syntax; check the manual that corresponds to your MySQL server version for the right syntax to use near ''10') AS `post` LEFT OUTER JOIN `post_image` AS `postImages` ON `post`.`id` = `p' at line 1","level":"error"}
{"message":"You have an error in your SQL syntax; check the manual that corresponds to your MySQL server version for the right syntax to use near ''10') AS `post` LEFT OUTER JOIN `post_image` AS `postImages` ON `post`.`id` = `p' at line 1","level":"error"}
{"message":"You have an error in your SQL syntax; check the manual that corresponds to your MySQL server version for the right syntax to use near ''10') AS `post` LEFT OUTER JOIN `post_image` AS `postImages` ON `post`.`id` = `p' at line 1","level":"error"}
{"message":"You have an error in your SQL syntax; check the manual that corresponds to your MySQL server version for the right syntax to use near ''size') AS `post` LEFT OUTER JOIN `post_image` AS `postImages` ON `post`.`id` = ' at line 1","level":"error"}
{"message":"You have an error in your SQL syntax; check the manual that corresponds to your MySQL server version for the right syntax to use near ''offset', 'size') AS `post` LEFT OUTER JOIN `post_image` AS `postImages` ON `pos' at line 1","level":"error"}
{"message":"You have an error in your SQL syntax; check the manual that corresponds to your MySQL server version for the right syntax to use near ''10') AS `post` LEFT OUTER JOIN `post_image` AS `postImages` ON `post`.`id` = `p' at line 1","level":"error"}
{"message":"offset is not defined","level":"error"}
{"message":"offset is not defined","level":"error"}
{"message":"Not found","level":"error"}
{"message":"userId is not defined","level":"error"}
{"message":"userId is not defined","level":"error"}
{"message":"userId is not defined","level":"error"}
{"message":"userId is not defined","level":"error"}
{"message":"user is not associated to post!","level":"error"}
{"message":"Unknown column 'post.userId' in 'on clause'","level":"error"}
{"message":"Unknown column 'post.userId' in 'on clause'","level":"error"}
{"message":"Data too long for column 'content' at row 1","level":"error"}
{"message":"Data too long for column 'content' at row 1","level":"error"}
{"message":"Data too long for column 'content' at row 1","level":"error"}
{"message":"Data too long for column 'content' at row 1","level":"error"}
{"message":"Data too long for column 'content' at row 1","level":"error"}
{"message":"Data too long for column 'content' at row 1","level":"error"}
{"message":"Data too long for column 'content' at row 1","level":"error"}
{"message":"Data too long for column 'content' at row 1","level":"error"}
{"message":"Data too long for column 'content' at row 1","level":"error"}
{"message":"Data too long for column 'content' at row 1","level":"error"}
{"message":"Data too long for column 'content' at row 1","level":"error"}
{"message":"Data too long for column 'content' at row 1","level":"error"}
{"message":"Data too long for column 'content' at row 1","level":"error"}
{"message":"Data too long for column 'content' at row 1","level":"error"}
{"message":"Data too long for column 'content' at row 1","level":"error"}
{"message":"Data too long for column 'content' at row 1","level":"error"}
